<?xml version="1.0" encoding="UTF-8"?>
<!-- Generated by org.testng.reporters.JUnitReportReporter -->
<testsuite skipped="0" hostname="osamas-MacBook-Pro.local" name="grocer.android.cxapp.Complaint" tests="1" failures="0" timestamp="30 Oct 2020 18:01:54 GMT" time="185.355" errors="0">
  <testcase name="Complaints" time="185.355" classname="grocer.android.cxapp.Complaint"/>
</testsuite> <!-- grocer.android.cxapp.Complaint -->
