<?xml version="1.0" encoding="UTF-8"?>
<!-- Generated by org.testng.reporters.JUnitReportReporter -->
<testsuite skipped="0" hostname="osamas-MacBook-Pro.local" name="grocer.android.cxapp.Express_Cancel_Popup" tests="1" failures="0" timestamp="07 Dec 2020 11:19:41 GMT" time="104.015" errors="0">
  <testcase name="Express_Cancel_Popup" time="104.015" classname="grocer.android.cxapp.Express_Cancel_Popup"/>
</testsuite> <!-- grocer.android.cxapp.Express_Cancel_Popup -->
