<?xml version="1.0" encoding="UTF-8"?>
<!-- Generated by org.testng.reporters.JUnitReportReporter -->
<testsuite skipped="0" hostname="osamas-MacBook-Pro.local" name="grocer.android.cxapp.Forgot_Password" tests="1" failures="0" timestamp="07 Dec 2020 10:39:04 GMT" time="226.354" errors="0">
  <testcase name="SignUp" time="226.354" classname="grocer.android.cxapp.Forgot_Password"/>
</testsuite> <!-- grocer.android.cxapp.Forgot_Password -->
