<?xml version="1.0" encoding="UTF-8"?>
<!-- Generated by org.testng.reporters.JUnitReportReporter -->
<testsuite skipped="0" hostname="osamas-MacBook-Pro.local" name="grocer.android.cxapp.EO_MyOrder_Cancel" tests="1" failures="0" timestamp="11 Oct 2020 15:28:13 GMT" time="125.428" errors="0">
  <testcase name="Express_MyOrder_Cancel" time="125.428" classname="grocer.android.cxapp.EO_MyOrder_Cancel"/>
</testsuite> <!-- grocer.android.cxapp.EO_MyOrder_Cancel -->
