<?xml version="1.0" encoding="UTF-8"?>
<!-- Generated by org.testng.reporters.JUnitReportReporter -->
<testsuite skipped="0" hostname="osamas-MacBook-Pro.local" name="grocer.android.cxapp.EO_Tracking_Cancel" tests="1" failures="0" timestamp="20 Oct 2020 19:12:10 GMT" time="121.453" errors="0">
  <testcase name="Express_Cancel_Trackingp" time="121.453" classname="grocer.android.cxapp.EO_Tracking_Cancel"/>
</testsuite> <!-- grocer.android.cxapp.EO_Tracking_Cancel -->
