<?xml version="1.0" encoding="UTF-8"?>
<!-- Generated by org.testng.reporters.JUnitReportReporter -->
<testsuite skipped="0" hostname="osamas-MacBook-Pro.local" name="grocer.android.cxapp.Search" tests="1" failures="0" timestamp="09 Oct 2020 21:42:14 GMT" time="69.176" errors="0">
  <testcase name="SignUp" time="69.176" classname="grocer.android.cxapp.Search"/>
</testsuite> <!-- grocer.android.cxapp.Search -->
